{"/Users/tejal/Documents/TestGeneration/test.js":{"path":"/Users/tejal/Documents/TestGeneration/test.js","s":{"1":1,"2":1,"3":1,"4":1,"5":1,"6":1,"7":1,"8":1,"9":1,"10":1,"11":1,"12":1,"13":1,"14":1,"15":1,"16":1,"17":1,"18":1,"19":1,"20":1,"21":1,"22":1,"23":1,"24":1,"25":1,"26":1,"27":1,"28":1,"29":1,"30":1,"31":1,"32":1,"33":1,"34":1,"35":1,"36":1,"37":1,"38":1,"39":1,"40":1},"b":{},"f":{},"fnMap":{},"statementMap":{"1":{"start":{"line":1,"column":0},"end":{"line":2,"column":0}},"2":{"start":{"line":2,"column":0},"end":{"line":2,"column":30}},"3":{"start":{"line":3,"column":0},"end":{"line":3,"column":26}},"4":{"start":{"line":4,"column":0},"end":{"line":4,"column":18}},"5":{"start":{"line":5,"column":0},"end":{"line":5,"column":17}},"6":{"start":{"line":6,"column":0},"end":{"line":6,"column":18}},"7":{"start":{"line":7,"column":0},"end":{"line":7,"column":18}},"8":{"start":{"line":8,"column":0},"end":{"line":8,"column":18}},"9":{"start":{"line":9,"column":0},"end":{"line":9,"column":39}},"10":{"start":{"line":10,"column":0},"end":{"line":10,"column":54}},"11":{"start":{"line":11,"column":0},"end":{"line":11,"column":56}},"12":{"start":{"line":12,"column":0},"end":{"line":12,"column":56}},"13":{"start":{"line":13,"column":0},"end":{"line":13,"column":56}},"14":{"start":{"line":14,"column":1},"end":{"line":14,"column":57}},"15":{"start":{"line":15,"column":0},"end":{"line":15,"column":15}},"16":{"start":{"line":16,"column":0},"end":{"line":16,"column":68}},"17":{"start":{"line":17,"column":1},"end":{"line":17,"column":57}},"18":{"start":{"line":18,"column":0},"end":{"line":18,"column":15}},"19":{"start":{"line":19,"column":0},"end":{"line":19,"column":56}},"20":{"start":{"line":20,"column":1},"end":{"line":20,"column":57}},"21":{"start":{"line":21,"column":0},"end":{"line":21,"column":15}},"22":{"start":{"line":22,"column":0},"end":{"line":22,"column":68}},"23":{"start":{"line":23,"column":1},"end":{"line":23,"column":57}},"24":{"start":{"line":24,"column":0},"end":{"line":24,"column":15}},"25":{"start":{"line":25,"column":0},"end":{"line":25,"column":9}},"26":{"start":{"line":26,"column":1},"end":{"line":26,"column":57}},"27":{"start":{"line":27,"column":0},"end":{"line":27,"column":15}},"28":{"start":{"line":28,"column":0},"end":{"line":28,"column":22}},"29":{"start":{"line":29,"column":0},"end":{"line":29,"column":52}},"30":{"start":{"line":30,"column":0},"end":{"line":30,"column":69}},"31":{"start":{"line":31,"column":0},"end":{"line":31,"column":67}},"32":{"start":{"line":32,"column":0},"end":{"line":32,"column":25}},"33":{"start":{"line":33,"column":0},"end":{"line":33,"column":49}},"34":{"start":{"line":34,"column":0},"end":{"line":34,"column":66}},"35":{"start":{"line":35,"column":0},"end":{"line":35,"column":57}},"36":{"start":{"line":36,"column":0},"end":{"line":36,"column":28}},"37":{"start":{"line":37,"column":0},"end":{"line":37,"column":58}},"38":{"start":{"line":38,"column":0},"end":{"line":38,"column":75}},"39":{"start":{"line":39,"column":0},"end":{"line":39,"column":72}},"40":{"start":{"line":40,"column":0},"end":{"line":40,"column":38}}},"branchMap":{}},"/Users/tejal/Documents/TestGeneration/subject.js":{"path":"/Users/tejal/Documents/TestGeneration/subject.js","s":{"1":1,"2":1,"3":6,"4":1,"5":6,"6":2,"7":6,"8":1,"9":9,"10":5,"11":4,"12":3,"13":3,"14":2,"15":1,"16":1,"17":12,"18":1,"19":9,"20":8,"21":9,"22":81,"23":9,"24":1,"25":5,"26":5,"27":5,"28":1,"29":4,"30":1,"31":1,"32":1,"33":1,"34":1},"b":{"1":[1,5],"2":[2,4],"3":[5,4],"4":[3,1],"5":[2,1],"6":[8,1],"7":[9,1],"8":[1,4]},"f":{"1":6,"2":9,"3":12,"4":9,"5":5},"fnMap":{"1":{"name":"inc","line":3,"loc":{"start":{"line":3,"column":0},"end":{"line":3,"column":18}}},"2":{"name":"fileTest","line":15,"loc":{"start":{"line":15,"column":0},"end":{"line":16,"column":0}}},"3":{"name":"normalize","line":32,"loc":{"start":{"line":32,"column":0},"end":{"line":32,"column":32}}},"4":{"name":"format","line":41,"loc":{"start":{"line":41,"column":0},"end":{"line":42,"column":0}}},"5":{"name":"blackListNumber","line":56,"loc":{"start":{"line":56,"column":0},"end":{"line":57,"column":0}}}},"statementMap":{"1":{"start":{"line":1,"column":0},"end":{"line":1,"column":23}},"2":{"start":{"line":3,"column":0},"end":{"line":12,"column":1}},"3":{"start":{"line":4,"column":4},"end":{"line":4,"column":27}},"4":{"start":{"line":4,"column":22},"end":{"line":4,"column":27}},"5":{"start":{"line":6,"column":3},"end":{"line":9,"column":4}},"6":{"start":{"line":8,"column":4},"end":{"line":8,"column":11}},"7":{"start":{"line":11,"column":4},"end":{"line":11,"column":19}},"8":{"start":{"line":15,"column":0},"end":{"line":30,"column":1}},"9":{"start":{"line":17,"column":1},"end":{"line":19,"column":2}},"10":{"start":{"line":18,"column":4},"end":{"line":18,"column":17}},"11":{"start":{"line":21,"column":3},"end":{"line":29,"column":2}},"12":{"start":{"line":23,"column":2},"end":{"line":23,"column":46}},"13":{"start":{"line":24,"column":2},"end":{"line":27,"column":3}},"14":{"start":{"line":26,"column":3},"end":{"line":26,"column":15}},"15":{"start":{"line":28,"column":2},"end":{"line":28,"column":15}},"16":{"start":{"line":32,"column":0},"end":{"line":39,"column":1}},"17":{"start":{"line":34,"column":4},"end":{"line":37,"column":6}},"18":{"start":{"line":41,"column":0},"end":{"line":54,"column":1}},"19":{"start":{"line":44,"column":4},"end":{"line":46,"column":5}},"20":{"start":{"line":45,"column":6},"end":{"line":46,"column":4}},"21":{"start":{"line":48,"column":4},"end":{"line":50,"column":5}},"22":{"start":{"line":49,"column":6},"end":{"line":49,"column":63}},"23":{"start":{"line":52,"column":4},"end":{"line":52,"column":24}},"24":{"start":{"line":56,"column":0},"end":{"line":65,"column":1}},"25":{"start":{"line":58,"column":1},"end":{"line":58,"column":49}},"26":{"start":{"line":59,"column":1},"end":{"line":59,"column":31}},"27":{"start":{"line":60,"column":1},"end":{"line":63,"column":2}},"28":{"start":{"line":62,"column":2},"end":{"line":62,"column":14}},"29":{"start":{"line":64,"column":1},"end":{"line":64,"column":14}},"30":{"start":{"line":67,"column":0},"end":{"line":67,"column":28}},"31":{"start":{"line":68,"column":0},"end":{"line":68,"column":30}},"32":{"start":{"line":69,"column":0},"end":{"line":69,"column":24}},"33":{"start":{"line":70,"column":0},"end":{"line":70,"column":18}},"34":{"start":{"line":71,"column":0},"end":{"line":71,"column":42}}},"branchMap":{"1":{"line":4,"type":"if","locations":[{"start":{"line":4,"column":4},"end":{"line":4,"column":4}},{"start":{"line":4,"column":4},"end":{"line":4,"column":4}}]},"2":{"line":6,"type":"if","locations":[{"start":{"line":6,"column":3},"end":{"line":6,"column":3}},{"start":{"line":6,"column":3},"end":{"line":6,"column":3}}]},"3":{"line":17,"type":"if","locations":[{"start":{"line":17,"column":1},"end":{"line":17,"column":1}},{"start":{"line":17,"column":1},"end":{"line":17,"column":1}}]},"4":{"line":21,"type":"if","locations":[{"start":{"line":21,"column":3},"end":{"line":21,"column":3}},{"start":{"line":21,"column":3},"end":{"line":21,"column":3}}]},"5":{"line":24,"type":"if","locations":[{"start":{"line":24,"column":2},"end":{"line":24,"column":2}},{"start":{"line":24,"column":2},"end":{"line":24,"column":2}}]},"6":{"line":44,"type":"if","locations":[{"start":{"line":44,"column":4},"end":{"line":44,"column":4}},{"start":{"line":44,"column":4},"end":{"line":44,"column":4}}]},"7":{"line":44,"type":"binary-expr","locations":[{"start":{"line":44,"column":8},"end":{"line":44,"column":16}},{"start":{"line":44,"column":20},"end":{"line":44,"column":38}}]},"8":{"line":60,"type":"if","locations":[{"start":{"line":60,"column":1},"end":{"line":60,"column":1}},{"start":{"line":60,"column":1},"end":{"line":60,"column":1}}]}}}}