TN:
SF:/Users/tejal/Documents/TestGeneration/test.js
FNF:0
FNH:0
DA:1,1
DA:2,1
DA:3,1
DA:4,1
DA:5,1
DA:6,1
DA:7,1
DA:8,1
DA:9,1
DA:10,1
DA:11,1
DA:12,1
DA:13,1
DA:14,1
DA:15,1
DA:16,1
DA:17,1
DA:18,1
DA:19,1
DA:20,1
DA:21,1
DA:22,1
DA:23,1
DA:24,1
DA:25,1
DA:26,1
DA:27,1
DA:28,1
DA:29,1
DA:30,1
DA:31,1
DA:32,1
DA:33,1
DA:34,1
DA:35,1
DA:36,1
DA:37,1
DA:38,1
DA:39,1
DA:40,1
LF:40
LH:40
BRF:0
BRH:0
end_of_record
TN:
SF:/Users/tejal/Documents/TestGeneration/subject.js
FN:3,inc
FN:15,fileTest
FN:32,normalize
FN:41,format
FN:56,blackListNumber
FNF:5
FNH:5
FNDA:6,inc
FNDA:9,fileTest
FNDA:12,normalize
FNDA:9,format
FNDA:5,blackListNumber
DA:1,1
DA:3,1
DA:4,6
DA:6,6
DA:8,2
DA:11,6
DA:15,1
DA:17,9
DA:18,5
DA:21,4
DA:23,3
DA:24,3
DA:26,2
DA:28,1
DA:32,1
DA:34,12
DA:41,1
DA:44,9
DA:45,8
DA:48,9
DA:49,81
DA:52,9
DA:56,1
DA:58,5
DA:59,5
DA:60,5
DA:62,1
DA:64,4
DA:67,1
DA:68,1
DA:69,1
DA:70,1
DA:71,1
LF:33
LH:33
BRDA:4,1,0,1
BRDA:4,1,1,5
BRDA:6,2,0,2
BRDA:6,2,1,4
BRDA:17,3,0,5
BRDA:17,3,1,4
BRDA:21,4,0,3
BRDA:21,4,1,1
BRDA:24,5,0,2
BRDA:24,5,1,1
BRDA:44,6,0,8
BRDA:44,6,1,1
BRDA:44,7,0,9
BRDA:44,7,1,1
BRDA:60,8,0,1
BRDA:60,8,1,4
BRF:16
BRH:16
end_of_record
